c:\dev\vn.ib\vnib\vnib\release\vc120.pdb
c:\dev\vn.ib\vnib\vnib\release\timecondition.obj
c:\dev\vn.ib\vnib\vnib\release\stdafx.obj
c:\dev\vn.ib\vnib\vnib\release\softdollartier.obj
c:\dev\vn.ib\vnib\vnib\release\pricecondition.obj
c:\dev\vn.ib\vnib\vnib\release\percentchangecondition.obj
c:\dev\vn.ib\vnib\vnib\release\ordercondition.obj
c:\dev\vn.ib\vnib\vnib\release\operatorcondition.obj
c:\dev\vn.ib\vnib\vnib\release\margincondition.obj
c:\dev\vn.ib\vnib\vnib\release\executioncondition.obj
c:\dev\vn.ib\vnib\vnib\release\esocket.obj
c:\dev\vn.ib\vnib\vnib\release\ereaderwmsignal.obj
c:\dev\vn.ib\vnib\vnib\release\ereaderossignal.obj
c:\dev\vn.ib\vnib\vnib\release\ereader.obj
c:\dev\vn.ib\vnib\vnib\release\emutex.obj
c:\dev\vn.ib\vnib\vnib\release\emessage.obj
c:\dev\vn.ib\vnib\vnib\release\edecoder.obj
c:\dev\vn.ib\vnib\vnib\release\eclientsocket.obj
c:\dev\vn.ib\vnib\vnib\release\eclient.obj
c:\dev\vn.ib\vnib\vnib\release\defaultewrapper.obj
c:\dev\vn.ib\vnib\vnib\release\contractcondition.obj
c:\dev\vn.ib\vnib\vnib\release\vnib.obj
c:\dev\vn.ib\vnib\vnib\release\volumecondition.obj
c:\dev\vn.ib.new\vnib\vnib\release\vc120.pdb
c:\dev\vn.ib.new\vnib\vnib\release\timecondition.obj
c:\dev\vn.ib.new\vnib\vnib\release\stdafx.obj
c:\dev\vn.ib.new\vnib\vnib\release\softdollartier.obj
c:\dev\vn.ib.new\vnib\vnib\release\pricecondition.obj
c:\dev\vn.ib.new\vnib\vnib\release\percentchangecondition.obj
c:\dev\vn.ib.new\vnib\vnib\release\ordercondition.obj
c:\dev\vn.ib.new\vnib\vnib\release\operatorcondition.obj
c:\dev\vn.ib.new\vnib\vnib\release\margincondition.obj
c:\dev\vn.ib.new\vnib\vnib\release\executioncondition.obj
c:\dev\vn.ib.new\vnib\vnib\release\esocket.obj
c:\dev\vn.ib.new\vnib\vnib\release\ereaderwmsignal.obj
c:\dev\vn.ib.new\vnib\vnib\release\ereaderossignal.obj
c:\dev\vn.ib.new\vnib\vnib\release\ereader.obj
c:\dev\vn.ib.new\vnib\vnib\release\emutex.obj
c:\dev\vn.ib.new\vnib\vnib\release\emessage.obj
c:\dev\vn.ib.new\vnib\vnib\release\edecoder.obj
c:\dev\vn.ib.new\vnib\vnib\release\eclientsocket.obj
c:\dev\vn.ib.new\vnib\vnib\release\eclient.obj
c:\dev\vn.ib.new\vnib\vnib\release\defaultewrapper.obj
c:\dev\vn.ib.new\vnib\vnib\release\contractcondition.obj
c:\dev\vn.ib.new\vnib\vnib\release\vnib.obj
c:\dev\vn.ib.new\vnib\vnib\release\volumecondition.obj
c:\dev\vn.ib\vnib\release\vnib.pyd
c:\dev\vn.ib\vnib\release\vnib.pdb
c:\dev\vn.ib.new\vnib\release\vnib.pyd
c:\dev\vn.ib.new\vnib\release\vnib.pdb
c:\dev\vn.ib\vnib\release\vnib.lib
c:\dev\vn.ib\vnib\release\vnib.exp
c:\dev\vn.ib.new\vnib\release\vnib.lib
c:\dev\vn.ib.new\vnib\release\vnib.exp
c:\dev\vn.ib.new\vnib\vnib\release\vnib.tlog\cl.command.1.tlog
c:\dev\vn.ib.new\vnib\vnib\release\vnib.tlog\cl.read.1.tlog
c:\dev\vn.ib.new\vnib\vnib\release\vnib.tlog\cl.write.1.tlog
c:\dev\vn.ib.new\vnib\vnib\release\vnib.tlog\link.command.1.tlog
c:\dev\vn.ib.new\vnib\vnib\release\vnib.tlog\link.read.1.tlog
c:\dev\vn.ib.new\vnib\vnib\release\vnib.tlog\link.write.1.tlog
c:\dev\vn.ib.new\vnib\vnib\release\vnib.tlog\vnib.write.1u.tlog
